<?xml version="1.0" encoding="UTF-8"?>
<coverage generated="1605060533647" clover="3.2.0">
  <project timestamp="1605060533647" name="All files">
    <metrics statements="20" coveredstatements="4" conditionals="0" coveredconditionals="0" methods="14" coveredmethods="2" elements="34" coveredelements="6" complexity="0" loc="20" ncloc="20" packages="2" files="3" classes="3"/>
    <package name="src">
      <metrics statements="1" coveredstatements="1" conditionals="0" coveredconditionals="0" methods="1" coveredmethods="1"/>
      <file name="App.vue" path="C:\Users\torna\git\kk_7\kk_7\furniture-web\frontend\src\App.vue">
        <metrics statements="1" coveredstatements="1" conditionals="0" coveredconditionals="0" methods="1" coveredmethods="1"/>
        <line num="22" count="1" type="stmt"/>
      </file>
    </package>
    <package name="src.components">
      <metrics statements="19" coveredstatements="3" conditionals="0" coveredconditionals="0" methods="13" coveredmethods="1"/>
      <file name="User.vue" path="C:\Users\torna\git\kk_7\kk_7\furniture-web\frontend\src\components\User.vue">
        <metrics statements="12" coveredstatements="2" conditionals="0" coveredconditionals="0" methods="7" coveredmethods="1"/>
        <line num="22" count="1" type="stmt"/>
        <line num="28" count="1" type="stmt"/>
        <line num="45" count="0" type="stmt"/>
        <line num="47" count="0" type="stmt"/>
        <line num="48" count="0" type="stmt"/>
        <line num="49" count="0" type="stmt"/>
        <line num="50" count="0" type="stmt"/>
        <line num="53" count="0" type="stmt"/>
        <line num="57" count="0" type="stmt"/>
        <line num="59" count="0" type="stmt"/>
        <line num="60" count="0" type="stmt"/>
        <line num="63" count="0" type="stmt"/>
      </file>
      <file name="backend-api.js" path="C:\Users\torna\git\kk_7\kk_7\furniture-web\frontend\src\components\backend-api.js">
        <metrics statements="7" coveredstatements="1" conditionals="0" coveredconditionals="0" methods="6" coveredmethods="0"/>
        <line num="3" count="1" type="stmt"/>
        <line num="11" count="0" type="stmt"/>
        <line num="14" count="0" type="stmt"/>
        <line num="17" count="0" type="stmt"/>
        <line num="20" count="0" type="stmt"/>
        <line num="27" count="0" type="stmt"/>
        <line num="36" count="0" type="stmt"/>
      </file>
    </package>
  </project>
</coverage>
